<?xml version="1.0" encoding="UTF-8"?>
<!-- Generated by org.testng.reporters.JUnitReportReporter -->
<testsuite hostname="KEVAL" failures="0" tests="1" name="testClass.TestLogin" time="4.425" errors="0" timestamp="2023-07-31T15:50:20 EDT" skipped="0">
  <testcase classname="testClass.TestLogin" name="testLogin" time="4.425"/>
</testsuite> <!-- testClass.TestLogin -->
