<?xml version="1.0" encoding="UTF-8"?>
<!-- Generated by org.testng.reporters.JUnitReportReporter -->
<testsuite hostname="KEVAL" failures="0" tests="1" name="testClass.TestDropdownMenu" time="1.227" errors="0" timestamp="2023-07-31T15:50:20 EDT" skipped="0">
  <testcase classname="testClass.TestDropdownMenu" name="testDropdownMenu" time="1.227"/>
</testsuite> <!-- testClass.TestDropdownMenu -->
