<?xml version="1.0" encoding="UTF-8"?>
<!-- Generated by org.testng.reporters.JUnitReportReporter -->
<testsuite hostname="KEVAL" failures="0" tests="1" name="resolvertest.TestDropdownMenu" time="2.348" errors="0" timestamp="2023-07-30T22:49:17 EDT" skipped="0">
  <testcase classname="resolvertest.TestDropdownMenu" name="testDropdownMenu" time="2.348"/>
</testsuite> <!-- resolvertest.TestDropdownMenu -->
