<?xml version="1.0" encoding="UTF-8"?>
<!-- Generated by org.testng.reporters.JUnitReportReporter -->
<testsuite hostname="KEVAL" failures="0" tests="1" name="testClass.TestListItems" time="1.248" errors="0" timestamp="2023-07-31T15:50:20 EDT" skipped="0">
  <testcase classname="testClass.TestListItems" name="testListItems" time="1.248"/>
</testsuite> <!-- testClass.TestListItems -->
