<?xml version="1.0" encoding="UTF-8"?>
<!-- Generated by org.testng.reporters.JUnitReportReporter -->
<testsuite hostname="KEVAL" failures="0" tests="6" name="resolvertest.ResolverTechTest" time="15.093" errors="0" timestamp="2023-07-30T22:16:09 EDT" skipped="0">
  <testcase classname="resolvertest.ResolverTechTest" name="testLogin" time="1.518"/>
  <testcase classname="resolvertest.ResolverTechTest" name="testListItems" time="2.345"/>
  <testcase classname="resolvertest.ResolverTechTest" name="testDropdownMenu" time="1.754"/>
  <testcase classname="resolvertest.ResolverTechTest" name="testButtons" time="2.931"/>
  <testcase classname="resolvertest.ResolverTechTest" name="testButtonDisplayAndClick" time="4.905"/>
  <testcase classname="resolvertest.ResolverTechTest" name="testTableData" time="1.640"/>
</testsuite> <!-- resolvertest.ResolverTechTest -->
