<?xml version="1.0" encoding="UTF-8"?>
<!-- Generated by org.testng.reporters.JUnitReportReporter -->
<testsuite hostname="KEVAL" failures="0" tests="1" name="resolvertest.TestTableData" time="2.589" errors="0" timestamp="2023-07-30T22:49:17 EDT" skipped="0">
  <testcase classname="resolvertest.TestTableData" name="testTableData" time="2.589"/>
</testsuite> <!-- resolvertest.TestTableData -->
