<?xml version="1.0" encoding="UTF-8"?>
<!-- Generated by org.testng.reporters.JUnitReportReporter -->
<testsuite hostname="KEVAL" failures="0" tests="1" name="resolvertest.TestButtons" time="1.959" errors="0" timestamp="2023-07-30T22:49:17 EDT" skipped="0">
  <testcase classname="resolvertest.TestButtons" name="testButtons" time="1.959"/>
</testsuite> <!-- resolvertest.TestButtons -->
