<?xml version="1.0" encoding="UTF-8"?>
<!-- Generated by org.testng.reporters.JUnitReportReporter -->
<testsuite hostname="KEVAL" failures="0" tests="1" name="resolvertest.TestListItems" time="2.502" errors="0" timestamp="2023-07-30T22:49:17 EDT" skipped="0">
  <testcase classname="resolvertest.TestListItems" name="testListItems" time="2.502"/>
</testsuite> <!-- resolvertest.TestListItems -->
