<?xml version="1.0" encoding="UTF-8"?>
<!-- Generated by org.testng.reporters.JUnitReportReporter -->
<testsuite hostname="KEVAL" failures="0" tests="1" name="testClass.TestTableData" time="1.316" errors="0" timestamp="2023-07-31T15:50:20 EDT" skipped="0">
  <testcase classname="testClass.TestTableData" name="testTableData" time="1.316"/>
</testsuite> <!-- testClass.TestTableData -->
